<?xml version="1.0" encoding="UTF-8"?>
<testng-results skipped="0" failed="0" ignored="0" total="1" passed="1">
  <reporter-output>
  </reporter-output>
  <suite name="Default suite" duration-ms="51" started-at="2019-10-17T18:44:33Z" finished-at="2019-10-17T18:44:33Z">
    <groups>
    </groups>
    <test name="Default test" duration-ms="51" started-at="2019-10-17T18:44:33Z" finished-at="2019-10-17T18:44:33Z">
      <class name="tests.SampleTestNG">
        <test-method status="PASS" signature="sampleTests()[pri:0, instance:tests.SampleTestNG@224edc67]" name="sampleTests" duration-ms="13" started-at="2019-10-17T18:44:33Z" finished-at="2019-10-17T18:44:33Z">
          <reporter-output>
          </reporter-output>
        </test-method> <!-- sampleTests -->
      </class> <!-- tests.SampleTestNG -->
    </test> <!-- Default test -->
  </suite> <!-- Default suite -->
</testng-results>
