<?xml version="1.0" encoding="UTF-8"?>
<testng-results skipped="0" failed="0" ignored="0" total="1" passed="1">
  <reporter-output>
  </reporter-output>
  <suite name="Suite" duration-ms="46" started-at="2019-10-19T07:28:55Z" finished-at="2019-10-19T07:28:55Z">
    <groups>
    </groups>
    <test name="Test" duration-ms="46" started-at="2019-10-19T07:28:55Z" finished-at="2019-10-19T07:28:55Z">
      <class name="tests.SampleTestNG">
        <test-method status="PASS" signature="sampleTests()[pri:0, instance:tests.SampleTestNG@224edc67]" name="sampleTests" duration-ms="11" started-at="2019-10-19T07:28:55Z" finished-at="2019-10-19T07:28:55Z">
          <reporter-output>
          </reporter-output>
        </test-method> <!-- sampleTests -->
      </class> <!-- tests.SampleTestNG -->
    </test> <!-- Test -->
  </suite> <!-- Suite -->
</testng-results>
